Magic is happening on port 3000
<testsuite name="Mocha Tests" tests="2" failures="0" errors="0" skipped="0" timestamp="Tue, 06 Sep 2016 18:36:22 GMT" time="0.041">
<testcase classname="Hello World Server GET /" name="returns status code 200" time="0.028"/>
<testcase classname="Hello World Server GET /" name="returns Hello World" time="0.007"/>
</testsuite>
